2023.03.14 10:43:51 INFO  tracing is disabled for protocol LSP, to enable tracing of incoming and outgoing JSON messages create an empty file at c:\Users\riccardo.mazzi\Desktop\OOP22-flower-force\.metals\lsp.trace.json or C:\Users\riccardo.mazzi\AppData\Local\scalameta\metals\cache\lsp.trace.json
2023.03.14 10:43:53 INFO  logging to file C:\Users\riccardo.mazzi\Desktop\OOP22-flower-force\.metals\metals.log
2023.03.14 10:43:53 INFO  Started: Metals version 0.11.10 in workspace 'C:\Users\riccardo.mazzi\Desktop\OOP22-flower-force' for client Visual Studio Code 1.74.3.
SLF4J: No SLF4J providers were found.
SLF4J: Defaulting to no-operation (NOP) logger implementation
SLF4J: See https://www.slf4j.org/codes.html#noProviders for further details.
SLF4J: Class path contains SLF4J bindings targeting slf4j-api versions 1.7.x or earlier.
SLF4J: Ignoring binding found at [jar:file:/C:/Users/riccardo.mazzi/AppData/Local/Coursier/cache/v1/https/repo1.maven.org/maven2/com/outr/scribe-slf4j_2.13/3.10.5/scribe-slf4j_2.13-3.10.5.jar!/org/slf4j/impl/StaticLoggerBinder.class]
SLF4J: See https://www.slf4j.org/codes.html#ignoredBindings for an explanation.
2023.03.14 10:43:54 INFO  time: initialize in 1.68s
2023.03.14 10:43:56 WARN  Build server is not auto-connectable.
2023.03.14 10:43:56 WARN  no build target for: C:\Users\riccardo.mazzi\Desktop\OOP22-flower-force\src\main\java\flowerforce\view\MyMenuGUIApp.java
mar 14, 2023 10:43:56 AM org.eclipse.lsp4j.jsonrpc.RemoteEndpoint handleCancellation
AVVERTENZA: Unmatched cancel notification for request id 1
2023.03.14 10:43:58 ERROR text document: file:///C:/Users/riccardo.mazzi/Desktop/OOP22-flower-force/src/main/java/flowerforce/view/MyMenuGUIApp.javajava.nio.file.InvalidPathException: Illegal char <:> at index 4: file:///C:/Users/riccardo.mazzi/Desktop/OOP22-flower-force/src/main/java/flowerforce/view/MyMenuGUIApp.java
	at sun.nio.fs.WindowsPathParser.normalize(WindowsPathParser.java:182)
	at sun.nio.fs.WindowsPathParser.parse(WindowsPathParser.java:153)
	at sun.nio.fs.WindowsPathParser.parse(WindowsPathParser.java:77)
	at sun.nio.fs.WindowsPath.parse(WindowsPath.java:92)
	at sun.nio.fs.WindowsFileSystem.getPath(WindowsFileSystem.java:232)
	at java.nio.file.Path.resolve(Path.java:515)
	at scala.meta.io.AbsolutePath.resolve(AbsolutePath.scala:43)
	at scala.meta.internal.implementation.ImplementationProvider.$anonfun$computeInheritance$2(ImplementationProvider.scala:85)
	at scala.collection.immutable.Vector.foreach(Vector.scala:1895)
	at scala.meta.internal.implementation.ImplementationProvider.$anonfun$computeInheritance$1(ImplementationProvider.scala:79)
	at scala.meta.internal.implementation.ImplementationProvider.$anonfun$computeInheritance$1$adapted(ImplementationProvider.scala:78)
	at scala.collection.immutable.List.foreach(List.scala:333)
	at scala.meta.internal.implementation.ImplementationProvider.computeInheritance(ImplementationProvider.scala:78)
	at scala.meta.internal.implementation.ImplementationProvider.$anonfun$onChange$1(ImplementationProvider.scala:68)
	at java.util.concurrent.ConcurrentHashMap.compute(ConcurrentHashMap.java:1916)
	at scala.meta.internal.implementation.ImplementationProvider.onChange(ImplementationProvider.scala:68)
	at scala.meta.internal.metals.SemanticdbIndexer.$anonfun$onChange$1(SemanticdbIndexer.scala:81)
	at scala.meta.internal.metals.SemanticdbIndexer.$anonfun$onChange$1$adapted(SemanticdbIndexer.scala:81)
	at scala.collection.immutable.List.foreach(List.scala:333)
	at scala.meta.internal.metals.SemanticdbIndexer.onChange(SemanticdbIndexer.scala:81)
	at scala.meta.internal.metals.SemanticdbIndexer.onChange(SemanticdbIndexer.scala:77)
	at scala.meta.internal.metals.InteractiveSemanticdbs.$anonfun$textDocument$1(InteractiveSemanticdbs.scala:96)
	at java.util.HashMap.compute(HashMap.java:1316)
	at java.util.Collections$SynchronizedMap.compute(Collections.java:2770)
	at scala.meta.internal.metals.InteractiveSemanticdbs.textDocument(InteractiveSemanticdbs.scala:89)
	at scala.meta.internal.metals.InteractiveSemanticdbs.textDocument(InteractiveSemanticdbs.scala:63)
	at scala.meta.internal.metals.AggregateSemanticdbs.loop$1(AggregateSemanticdbs.scala:30)
	at scala.meta.internal.metals.AggregateSemanticdbs.textDocument(AggregateSemanticdbs.scala:36)
	at scala.meta.internal.metals.CodeLensProvider.findLenses(CodeLensProvider.scala:22)
	at scala.meta.internal.metals.MetalsLanguageServer.$anonfun$codeLens$2(MetalsLanguageServer.scala:1793)
	at scala.meta.internal.metals.TimerProvider.timedThunk(TimerProvider.scala:25)
	at scala.meta.internal.metals.MetalsLanguageServer.$anonfun$codeLens$1(MetalsLanguageServer.scala:1791)
	at scala.meta.internal.metals.CancelTokens$.$anonfun$apply$2(CancelTokens.scala:26)
	at scala.concurrent.Future$.$anonfun$apply$1(Future.scala:678)
	at scala.concurrent.impl.Promise$Transformation.run(Promise.scala:467)
	at java.util.concurrent.ThreadPoolExecutor.runWorker(ThreadPoolExecutor.java:1136)
	at java.util.concurrent.ThreadPoolExecutor$Worker.run(ThreadPoolExecutor.java:635)
	at java.lang.Thread.run(Thread.java:833)

2023.03.14 10:44:16 INFO  running 'C:\Users\riccardo.mazzi\Desktop\OOP22-flower-force\gradlew.bat --console=plain --init-script C:\Users\RICCAR~1.MAZ\AppData\Local\Temp\metals18344101958265874269\init-script.gradle bloopInstall'
2023.03.14 10:44:17 INFO  
2023.03.14 10:44:17 INFO  Welcome to Gradle 8.0.1!
2023.03.14 10:44:17 INFO  
2023.03.14 10:44:17 INFO  Here are the highlights of this release:
2023.03.14 10:44:17 INFO   - Improvements to the Kotlin DSL
2023.03.14 10:44:17 INFO   - Fine-grained parallelism from the first build with configuration cache
2023.03.14 10:44:17 INFO   - Configurable Gradle user home cache cleanup
2023.03.14 10:44:17 INFO  
2023.03.14 10:44:17 INFO  For more details see https://docs.gradle.org/8.0.1/release-notes.html
2023.03.14 10:44:17 INFO  
2023.03.14 10:44:17 INFO  Starting a Gradle Daemon, 2 incompatible Daemons could not be reused, use --status for details
2023.03.14 10:44:24 WARN  no build target for: C:\Users\riccardo.mazzi\Desktop\OOP22-flower-force\src\main\java\flowerforce\view\GameView.java
2023.03.14 10:44:26 INFO  
2023.03.14 10:44:26 INFO  > Configure project :
2023.03.14 10:44:26 INFO  Project : => no module-info.java found
2023.03.14 10:44:32 INFO  
2023.03.14 10:44:32 INFO  > Task :configureBloopInstall
2023.03.14 10:44:33 WARN  no build target for: C:\Users\riccardo.mazzi\Desktop\OOP22-flower-force\src\main\java\flowerforce\view\game\GameSceneController.java
2023.03.14 10:44:35 ERROR text document: file:///C:/Users/riccardo.mazzi/Desktop/OOP22-flower-force/src/main/java/flowerforce/view/game/GameSceneController.javajava.nio.file.InvalidPathException: Illegal char <:> at index 4: file:///C:/Users/riccardo.mazzi/Desktop/OOP22-flower-force/src/main/java/flowerforce/view/game/GameSceneController.java
	at sun.nio.fs.WindowsPathParser.normalize(WindowsPathParser.java:182)
	at sun.nio.fs.WindowsPathParser.parse(WindowsPathParser.java:153)
	at sun.nio.fs.WindowsPathParser.parse(WindowsPathParser.java:77)
	at sun.nio.fs.WindowsPath.parse(WindowsPath.java:92)
	at sun.nio.fs.WindowsFileSystem.getPath(WindowsFileSystem.java:232)
	at java.nio.file.Path.resolve(Path.java:515)
	at scala.meta.io.AbsolutePath.resolve(AbsolutePath.scala:43)
	at scala.meta.internal.implementation.ImplementationProvider.$anonfun$computeInheritance$2(ImplementationProvider.scala:85)
	at scala.collection.immutable.Vector.foreach(Vector.scala:1895)
	at scala.meta.internal.implementation.ImplementationProvider.$anonfun$computeInheritance$1(ImplementationProvider.scala:79)
	at scala.meta.internal.implementation.ImplementationProvider.$anonfun$computeInheritance$1$adapted(ImplementationProvider.scala:78)
	at scala.collection.immutable.List.foreach(List.scala:333)
	at scala.meta.internal.implementation.ImplementationProvider.computeInheritance(ImplementationProvider.scala:78)
	at scala.meta.internal.implementation.ImplementationProvider.$anonfun$onChange$1(ImplementationProvider.scala:68)
	at java.util.concurrent.ConcurrentHashMap.compute(ConcurrentHashMap.java:1916)
	at scala.meta.internal.implementation.ImplementationProvider.onChange(ImplementationProvider.scala:68)
	at scala.meta.internal.metals.SemanticdbIndexer.$anonfun$onChange$1(SemanticdbIndexer.scala:81)
	at scala.meta.internal.metals.SemanticdbIndexer.$anonfun$onChange$1$adapted(SemanticdbIndexer.scala:81)
	at scala.collection.immutable.List.foreach(List.scala:333)
	at scala.meta.internal.metals.SemanticdbIndexer.onChange(SemanticdbIndexer.scala:81)
	at scala.meta.internal.metals.SemanticdbIndexer.onChange(SemanticdbIndexer.scala:77)
	at scala.meta.internal.metals.InteractiveSemanticdbs.$anonfun$textDocument$1(InteractiveSemanticdbs.scala:96)
	at java.util.HashMap.compute(HashMap.java:1316)
	at java.util.Collections$SynchronizedMap.compute(Collections.java:2770)
	at scala.meta.internal.metals.InteractiveSemanticdbs.textDocument(InteractiveSemanticdbs.scala:89)
	at scala.meta.internal.metals.InteractiveSemanticdbs.textDocument(InteractiveSemanticdbs.scala:63)
	at scala.meta.internal.metals.AggregateSemanticdbs.loop$1(AggregateSemanticdbs.scala:30)
	at scala.meta.internal.metals.AggregateSemanticdbs.textDocument(AggregateSemanticdbs.scala:36)
	at scala.meta.internal.metals.CodeLensProvider.findLenses(CodeLensProvider.scala:22)
	at scala.meta.internal.metals.MetalsLanguageServer.$anonfun$codeLens$2(MetalsLanguageServer.scala:1793)
	at scala.meta.internal.metals.TimerProvider.timedThunk(TimerProvider.scala:25)
	at scala.meta.internal.metals.MetalsLanguageServer.$anonfun$codeLens$1(MetalsLanguageServer.scala:1791)
	at scala.meta.internal.metals.CancelTokens$.$anonfun$apply$2(CancelTokens.scala:26)
	at scala.concurrent.Future$.$anonfun$apply$1(Future.scala:678)
	at scala.concurrent.impl.Promise$Transformation.run(Promise.scala:467)
	at java.util.concurrent.ThreadPoolExecutor.runWorker(ThreadPoolExecutor.java:1136)
	at java.util.concurrent.ThreadPoolExecutor$Worker.run(ThreadPoolExecutor.java:635)
	at java.lang.Thread.run(Thread.java:833)

2023.03.14 10:44:35 INFO  time: code lens generation in 2.05s
2023.03.14 10:44:47 INFO  > Task :bloopInstall FAILED
2023.03.14 10:44:47 ERROR 
2023.03.14 10:44:47 INFO  
2023.03.14 10:44:47 ERROR FAILURE: Build failed with an exception.
2023.03.14 10:44:47 INFO  Deprecated Gradle features were used in this build, making it incompatible with Gradle 9.0.
2023.03.14 10:44:47 ERROR 
2023.03.14 10:44:47 INFO  
2023.03.14 10:44:47 ERROR * What went wrong:
2023.03.14 10:44:47 INFO  You can use '--warning-mode all' to show the individual deprecation warnings and determine if they come from your own scripts or plugins.
2023.03.14 10:44:47 ERROR Execution failed for task ':bloopInstall'.
2023.03.14 10:44:47 INFO  
2023.03.14 10:44:47 ERROR > 'java.lang.String org.gradle.api.plugins.JavaApplication.getMainClassName()'
2023.03.14 10:44:47 INFO  See https://docs.gradle.org/8.0.1/userguide/command_line_interface.html#sec:command_line_warnings
2023.03.14 10:44:47 ERROR 
2023.03.14 10:44:47 ERROR * Try:
2023.03.14 10:44:47 INFO  2 actionable tasks: 2 executed
2023.03.14 10:44:47 ERROR > Run with --stacktrace option to get the stack trace.
2023.03.14 10:44:47 ERROR > Run with --info or --debug option to get more log output.
2023.03.14 10:44:47 ERROR > Run with --scan to get full insights.
2023.03.14 10:44:47 ERROR 
2023.03.14 10:44:47 ERROR * Get more help at https://help.gradle.org
2023.03.14 10:44:47 ERROR 
2023.03.14 10:44:47 ERROR BUILD FAILED in 31s
2023.03.14 10:44:47 INFO  time: ran 'gradle bloopInstall' in 31s
2023.03.14 10:44:47 ERROR Gradle command failed: C:\Users\riccardo.mazzi\Desktop\OOP22-flower-force\gradlew.bat --console=plain --init-script C:\Users\RICCAR~1.MAZ\AppData\Local\Temp\metals18344101958265874269\init-script.gradle bloopInstall
